<?xml version="1.0" encoding="UTF-8"?>
<testng-results ignored="0" total="1" passed="1" failed="0" skipped="0">
  <reporter-output>
  </reporter-output>
  <suite started-at="2022-05-02T09:37:41Z" name="Default suite" finished-at="2022-05-02T09:40:15Z" duration-ms="153995">
    <groups>
    </groups>
    <test started-at="2022-05-02T09:37:41Z" name="Default test" finished-at="2022-05-02T09:40:15Z" duration-ms="153995">
      <class name="testscripts.TC01_ToVerifyAccountIsCreatedTest">
        <test-method is-config="true" signature="initialization()[pri:0, instance:testscripts.TC01_ToVerifyAccountIsCreatedTest@68dc098b]" started-at="2022-05-02T15:07:41Z" name="initialization" finished-at="2022-05-02T15:07:46Z" duration-ms="4933" status="PASS">
          <reporter-output>
          </reporter-output>
        </test-method> <!-- initialization -->
        <test-method signature="tocreateaccount()[pri:0, instance:testscripts.TC01_ToVerifyAccountIsCreatedTest@68dc098b]" started-at="2022-05-02T15:07:46Z" name="tocreateaccount" finished-at="2022-05-02T15:10:14Z" duration-ms="148188" status="PASS">
          <reporter-output>
          </reporter-output>
        </test-method> <!-- tocreateaccount -->
        <test-method is-config="true" signature="teardown()[pri:0, instance:testscripts.TC01_ToVerifyAccountIsCreatedTest@68dc098b]" started-at="2022-05-02T15:10:14Z" name="teardown" finished-at="2022-05-02T15:10:15Z" duration-ms="850" status="PASS">
          <reporter-output>
          </reporter-output>
        </test-method> <!-- teardown -->
      </class> <!-- testscripts.TC01_ToVerifyAccountIsCreatedTest -->
    </test> <!-- Default test -->
  </suite> <!-- Default suite -->
</testng-results>
