<?xml version="1.0" encoding="UTF-8"?>
<testng-results ignored="0" total="1" passed="1" failed="0" skipped="0">
  <reporter-output>
  </reporter-output>
  <suite started-at="2022-06-23T09:19:22Z" name="Default suite" finished-at="2022-06-23T09:21:16Z" duration-ms="114346">
    <groups>
    </groups>
    <test started-at="2022-06-23T09:19:22Z" name="Default test" finished-at="2022-06-23T09:21:16Z" duration-ms="114346">
      <class name="testcases.TC01_ToverifyAccountIsCreatedTest">
        <test-method signature="ToverifyAccountIsCreated()[pri:0, instance:testcases.TC01_ToverifyAccountIsCreatedTest@79179359]" started-at="2022-06-23T14:49:22Z" name="ToverifyAccountIsCreated" finished-at="2022-06-23T14:51:16Z" duration-ms="113991" status="PASS">
          <reporter-output>
          </reporter-output>
        </test-method> <!-- ToverifyAccountIsCreated -->
        <test-method is-config="true" signature="teardown()[pri:0, instance:testcases.TC01_ToverifyAccountIsCreatedTest@79179359]" started-at="2022-06-23T14:51:16Z" name="teardown" finished-at="2022-06-23T14:51:16Z" duration-ms="334" status="PASS">
          <reporter-output>
          </reporter-output>
        </test-method> <!-- teardown -->
      </class> <!-- testcases.TC01_ToverifyAccountIsCreatedTest -->
    </test> <!-- Default test -->
  </suite> <!-- Default suite -->
</testng-results>
