<?xml version="1.0" encoding="UTF-8"?>
<!-- Generated by org.testng.reporters.JUnitXMLReporter -->
<testsuite ignored="0" hostname="Kumuads" failures="0" tests="4" name="Test" time="55.417" errors="0" timestamp="13 Mar 2022 05:17:58 GMT">
  <testcase classname="com.axis.crm.testcases.LoginPageTest" name="LoginTest" time="7.764"/>
  <testcase classname="com.axis.crm.testcases.HomePageTest" name="homePageTitle" time="0.029"/>
  <testcase classname="com.axis.crm.testcases.RegistrationPageTest" name="registrationPageTitleTest" time="0.819"/>
  <testcase classname="com.axis.crm.testcases.HomePageTest" name="clickServiceRequestTest" time="5.636"/>
</testsuite> <!-- Test -->
