<?xml version="1.0" encoding="UTF-8"?>
<!-- Generated by org.testng.reporters.JUnitXMLReporter -->
<testsuite ignored="0" hostname="Kumuads" failures="1" tests="2" name="Test" time="198.047" errors="0" timestamp="03 Jun 2022 06:13:36 GMT">
  <testcase classname="testscripts.TC01_ToVerifyAccountIsCreatedTest" name="tocreateaccount" time="152.634"/>
  <testcase classname="testscripts.TC02_AppointmentCreationTest" name="appointmentcreation" time="21.439">
    <failure type="org.openqa.selenium.NoSuchSessionException" message="Session ID is null. Using WebDriver after calling quit()?
Build info: version: &amp;apos;3.141.59&amp;apos;, revision: &amp;apos;e82be7d358&amp;apos;, time: &amp;apos;2018-11-14T08:25:48&amp;apos;
System info: host: &amp;apos;KUMUADS&amp;apos;, ip: &amp;apos;10.62.159.84&amp;apos;, os.name: &amp;apos;Windows 10&amp;apos;, os.arch: &amp;apos;amd64&amp;apos;, os.version: &amp;apos;10.0&amp;apos;, java.version: &amp;apos;17.0.1&amp;apos;
Driver info: driver.version: RemoteWebDriver">
      <![CDATA[org.openqa.selenium.NoSuchSessionException: Session ID is null. Using WebDriver after calling quit()?
Build info: version: '3.141.59', revision: 'e82be7d358', time: '2018-11-14T08:25:48'
System info: host: 'KUMUADS', ip: '10.62.159.84', os.name: 'Windows 10', os.arch: 'amd64', os.version: '10.0', java.version: '17.0.1'
Driver info: driver.version: RemoteWebDriver
	at org.openqa.selenium.remote.HttpCommandExecutor.execute(HttpCommandExecutor.java:125)
	at org.openqa.selenium.remote.service.DriverCommandExecutor.execute(DriverCommandExecutor.java:83)
	at org.openqa.selenium.remote.RemoteWebDriver.execute(RemoteWebDriver.java:552)
	at org.openqa.selenium.remote.RemoteWebDriver.executeScript(RemoteWebDriver.java:489)
	at commonutilities.CommonMethods.highlightelement(CommonMethods.java:72)
	at pages.HomePage.moveToHomeTab(HomePage.java:167)
	at testscripts.TC02_AppointmentCreationTest.appointmentcreation(TC02_AppointmentCreationTest.java:56)
... Removed 25 stack frames]]>
    </failure>
  </testcase> <!-- appointmentcreation -->
</testsuite> <!-- Test -->
